<?xml version="1.0" encoding="UTF-8"?>
<!-- Generated by org.testng.reporters.JUnitXMLReporter -->
<testsuite ignored="0" hostname="DESKTOP-P3CQ0KU" failures="0" tests="8" name="Default test" time="0.052" errors="0" timestamp="2021-12-17T12:16:27 IST">
  <testcase classname="incubytes_assign_string_calculator.testcalculator" name="testEmptyString" time="0.008"/>
  <testcase classname="incubytes_assign_string_calculator.testcalculator" name="testNegativeNumver" time="0.002"/>
  <testcase classname="incubytes_assign_string_calculator.testcalculator" name="testNewLine" time="0.001"/>
  <testcase classname="incubytes_assign_string_calculator.testcalculator" name="testOneNumber" time="0.001"/>
  <testcase classname="incubytes_assign_string_calculator.testcalculator" name="testOtherDelimiter" time="0.001"/>
  <testcase classname="incubytes_assign_string_calculator.testcalculator" name="testOverThousand" time="0.001"/>
  <testcase classname="incubytes_assign_string_calculator.testcalculator" name="testTwoNumbers" time="0.001"/>
  <testcase classname="incubytes_assign_string_calculator.testcalculator" name="testUnknowamountNumbers" time="0.0"/>
</testsuite> <!-- Default test -->
